<?xml version="1.0" encoding="UTF-8"?>
<!-- Generated by org.testng.reporters.JUnitReportReporter -->
<testsuite hostname="DhivyaPC" failures="0" tests="3" name="testcases.TC_E2E_01" time="89.118" errors="0" timestamp="2025-05-08T12:24:03 IST" skipped="0">
  <testcase classname="testcases.TC_E2E_01" name="deleteemployee" time="28.785"/>
  <testcase classname="testcases.TC_E2E_01" name="deleteemployee" time="31.306"/>
  <testcase classname="testcases.TC_E2E_01" name="deleteemployee" time="29.027"/>
</testsuite> <!-- testcases.TC_E2E_01 -->
