<?xml version="1.0" encoding="UTF-8"?>
<!-- Generated by org.testng.reporters.JUnitReportReporter -->
<testsuite hostname="DhivyaPC" failures="0" tests="3" name="testcases.TC_Integration_01" time="252.353" errors="0" timestamp="2025-05-16T17:24:41 IST" skipped="0">
  <testcase classname="testcases.TC_Integration_01" name="addemployee" time="84.045"/>
  <testcase classname="testcases.TC_Integration_01" name="addemployee" time="81.961"/>
  <testcase classname="testcases.TC_Integration_01" name="addemployee" time="86.347"/>
</testsuite> <!-- testcases.TC_Integration_01 -->
