<?xml version="1.0" encoding="UTF-8"?>
<!-- Generated by org.testng.reporters.JUnitReportReporter -->
<testsuite hostname="DhivyaPC" failures="0" tests="1" name="testcases.TC_UnitTest_01" time="7.363" errors="0" timestamp="2025-05-12T11:35:13 IST" skipped="0">
  <testcase classname="testcases.TC_UnitTest_01" name="loginPositive" time="7.363"/>
</testsuite> <!-- testcases.TC_UnitTest_01 -->
