<?xml version="1.0" encoding="UTF-8"?>
<!-- Generated by org.testng.reporters.JUnitReportReporter -->
<testsuite hostname="DhivyaPC" failures="0" tests="9" name="testcases.TC_Login_01" time="45.848" errors="0" timestamp="2025-04-23T22:40:47 IST" skipped="0">
  <testcase classname="testcases.TC_Login_01" name="Login" time="5.995"/>
  <testcase classname="testcases.TC_Login_01" name="Login" time="6.241"/>
  <testcase classname="testcases.TC_Login_01" name="Login" time="4.545"/>
  <testcase classname="testcases.TC_Login_01" name="Login" time="4.329"/>
  <testcase classname="testcases.TC_Login_01" name="Login" time="4.486"/>
  <testcase classname="testcases.TC_Login_01" name="Login" time="4.663"/>
  <testcase classname="testcases.TC_Login_01" name="Login" time="4.811"/>
  <testcase classname="testcases.TC_Login_01" name="Login" time="5.721"/>
  <testcase classname="testcases.TC_Login_01" name="Login" time="5.057"/>
</testsuite> <!-- testcases.TC_Login_01 -->
