<?xml version="1.0" encoding="UTF-8"?>
<!-- Generated by org.testng.reporters.JUnitReportReporter -->
<testsuite hostname="DhivyaPC" failures="0" tests="8" name="testcases.TC_UnitTest_01" time="88.355" errors="0" timestamp="2025-05-04T21:21:59 IST" skipped="0">
  <testcase classname="testcases.TC_UnitTest_01" name="loginNegative" time="9.326"/>
  <testcase classname="testcases.TC_UnitTest_01" name="loginNegative" time="9.933"/>
  <testcase classname="testcases.TC_UnitTest_01" name="loginNegative" time="17.123"/>
  <testcase classname="testcases.TC_UnitTest_01" name="loginNegative" time="7.289"/>
  <testcase classname="testcases.TC_UnitTest_01" name="loginNegative" time="17.633"/>
  <testcase classname="testcases.TC_UnitTest_01" name="loginNegative" time="5.527"/>
  <testcase classname="testcases.TC_UnitTest_01" name="loginNegative" time="10.984"/>
  <testcase classname="testcases.TC_UnitTest_01" name="loginNegative" time="10.540"/>
</testsuite> <!-- testcases.TC_UnitTest_01 -->
