<?xml version="1.0" encoding="UTF-8"?>
<!-- Generated by org.testng.reporters.JUnitReportReporter -->
<testsuite hostname="DhivyaPC" failures="0" tests="3" name="testcases.TC_E2E_01" time="89.280" errors="0" timestamp="2025-05-16T17:15:01 IST" skipped="0">
  <testcase classname="testcases.TC_E2E_01" name="deleteemployee" time="30.411"/>
  <testcase classname="testcases.TC_E2E_01" name="deleteemployee" time="28.925"/>
  <testcase classname="testcases.TC_E2E_01" name="deleteemployee" time="29.944"/>
</testsuite> <!-- testcases.TC_E2E_01 -->
