<?xml version="1.0" encoding="UTF-8"?>
<!-- Generated by org.testng.reporters.JUnitReportReporter -->
<testsuite hostname="DhivyaPC" failures="0" tests="3" name="testcases.TC_E2E_01" time="81.815" errors="0" timestamp="2025-05-13T16:33:35 IST" skipped="0">
  <testcase classname="testcases.TC_E2E_01" name="deleteemployee" time="27.834"/>
  <testcase classname="testcases.TC_E2E_01" name="deleteemployee" time="26.548"/>
  <testcase classname="testcases.TC_E2E_01" name="deleteemployee" time="27.433"/>
</testsuite> <!-- testcases.TC_E2E_01 -->
